android/lib/google_apps_messaging_core/bin/property(org.gradle.api.file.Directory, fixed(class org.gradle.api.internal.file.DefaultFilePropertyFactory$FixedDirectory, /Users/jake/Development/simple_sms/build))/google_apps_messaging_core/outputs/logs/manifest-merger-release-report.txt
-- Merging decision tree log ---
manifest
ADDED from ProcessLibraryManifest/release/tempAndroidManifest15327620516252016744.xml:2:13-83
INJECTED from ProcessLibraryManifest/release/tempAndroidManifest15327620516252016744.xml:2:13-83
	package
		INJECTED from ProcessLibraryManifest/release/tempAndroidManifest15327620516252016744.xml
	xmlns:android
		ADDED from ProcessLibraryManifest/release/tempAndroidManifest15327620516252016744.xml:2:23-81
uses-sdk
INJECTED from ProcessLibraryManifest/release/tempAndroidManifest15327620516252016744.xml reason: use-sdk injection requested
INJECTED from ProcessLibraryManifest/release/tempAndroidManifest15327620516252016744.xml
INJECTED from ProcessLibraryManifest/release/tempAndroidManifest15327620516252016744.xml
	android:targetSdkVersion
		INJECTED from ProcessLibraryManifest/release/tempAndroidManifest15327620516252016744.xml
	android:minSdkVersion
		INJECTED from ProcessLibraryManifest/release/tempAndroidManifest15327620516252016744.xml